<?xml version="1.0" encoding="UTF-8"?>
<!-- Generated by org.testng.reporters.JUnitXMLReporter -->
<testsuite ignored="0" hostname="mu-582784.dhcp.missouri.edu" failures="0" tests="2" name="FactoryDemo" time="0.212" errors="0" timestamp="2025-05-07T20:02:35 CDT">
  <testcase classname="edu.mu.examplefortesting.tests.InterestTest" name="testAddInterest" time="0.208"/>
  <testcase classname="edu.mu.examplefortesting.tests.InterestTest" name="testAddInterest" time="0.002"/>
</testsuite> <!-- FactoryDemo -->
