<?xml version="1.0" encoding="UTF-8"?>
<!-- Generated by org.testng.reporters.JUnitXMLReporter -->
<testsuite ignored="0" hostname="mu-582784.dhcp.missouri.edu" failures="2" tests="2" name="FailureDemo" time="0.003" errors="0" timestamp="2025-05-07T20:02:35 CDT">
  <testcase classname="edu.mu.examplefortesting.tests.FailingTests" name="testBatchTransferWrongAssertion" time="0.0">
    <failure type="java.lang.NullPointerException" message="Cannot invoke &amp;quot;edu.mu.examplefortesting.Transaction.batchTransfer(edu.mu.examplefortesting.BankAccount, edu.mu.examplefortesting.BankAccount, double, int)&amp;quot; because &amp;quot;this.svc&amp;quot; is null">
      <![CDATA[java.lang.NullPointerException: Cannot invoke "edu.mu.examplefortesting.Transaction.batchTransfer(edu.mu.examplefortesting.BankAccount, edu.mu.examplefortesting.BankAccount, double, int)" because "this.svc" is null
at edu.mu.examplefortesting.tests.FailingTests.testBatchTransferWrongAssertion(FailingTests.java:44)
at java.base/java.util.ArrayList.forEach(ArrayList.java:1597)
... Removed 25 stack frames]]>
    </failure>
  </testcase> <!-- testBatchTransferWrongAssertion -->
  <testcase classname="edu.mu.examplefortesting.tests.FailingTests" name="testWithdrawNegativeAmount" time="0.0">
    <failure type="org.testng.TestException" message="
Expected exception of type class java.lang.IllegalArgumentException but got java.lang.NullPointerException: Cannot invoke &amp;quot;edu.mu.examplefortesting.BankAccount.withdraw(double)&amp;quot; because &amp;quot;this.account&amp;quot; is null">
      <![CDATA[org.testng.TestException: 
Expected exception of type class java.lang.IllegalArgumentException but got java.lang.NullPointerException: Cannot invoke "edu.mu.examplefortesting.BankAccount.withdraw(double)" because "this.account" is null
at java.base/java.util.ArrayList.forEach(ArrayList.java:1597)
Caused by: java.lang.NullPointerException: Cannot invoke "edu.mu.examplefortesting.BankAccount.withdraw(double)" because "this.account" is null
at edu.mu.examplefortesting.tests.FailingTests.testWithdrawNegativeAmount(FailingTests.java:29)
... 22 more
... Removed 28 stack frames]]>
    </failure>
  </testcase> <!-- testWithdrawNegativeAmount -->
</testsuite> <!-- FailureDemo -->
