<?xml version="1.0" encoding="UTF-8"?>
<!-- Generated by org.testng.reporters.JUnitXMLReporter -->
<testsuite ignored="2" hostname="wi002648fi.dhcp.missouri.edu" failures="0" tests="0" time="0.0" errors="0" timestamp="2025-05-01T17:17:04 CDT">
  <testcase classname="edu.mu.examplefortesting.tests.InterestTest" name="testAddInterest" time="0.0">
    <ignored/>
  </testcase> <!-- testAddInterest -->
  <testcase classname="edu.mu.examplefortesting.tests.InterestTest" name="testAddInterest" time="0.0">
    <ignored/>
  </testcase> <!-- testAddInterest -->
</testsuite>
