<?xml version="1.0" encoding="UTF-8"?>
<!-- Generated by org.testng.reporters.JUnitXMLReporter -->
<testsuite ignored="1" hostname="mu-582784.dhcp.missouri.edu" failures="0" tests="16" name="MethodDependencyDemo" time="0.024" errors="0" timestamp="2025-05-07T20:02:35 CDT">
  <testcase classname="edu.mu.examplefortesting.tests.AccountTest" name="testDeposit" time="0.0"/>
  <testcase classname="edu.mu.examplefortesting.tests.AccountTest" name="testDeposit" time="0.001"/>
  <testcase classname="edu.mu.examplefortesting.tests.AccountTest" name="testOverdraft" time="0.001"/>
  <testcase classname="edu.mu.examplefortesting.tests.AccountTest" name="testWithdraw" time="0.001"/>
  <testcase classname="edu.mu.examplefortesting.tests.AccountTest" name="testWithdraw" time="0.0"/>
  <testcase classname="edu.mu.examplefortesting.tests.TransferTest" name="testConcurrentDeposit" time="0.001"/>
  <testcase classname="edu.mu.examplefortesting.tests.TransferTest" name="testConcurrentDeposit" time="0.001"/>
  <testcase classname="edu.mu.examplefortesting.tests.TransferTest" name="testConcurrentDeposit" time="0.001"/>
  <testcase classname="edu.mu.examplefortesting.tests.TransferTest" name="testConcurrentDeposit" time="0.001"/>
  <testcase classname="edu.mu.examplefortesting.tests.TransferTest" name="testConcurrentDeposit" time="0.001"/>
  <testcase classname="edu.mu.examplefortesting.tests.TransferTest" name="testConcurrentDeposit" time="0.0"/>
  <testcase classname="edu.mu.examplefortesting.tests.TransferTest" name="testConcurrentDeposit" time="0.001"/>
  <testcase classname="edu.mu.examplefortesting.tests.TransferTest" name="testConcurrentDeposit" time="0.001"/>
  <testcase classname="edu.mu.examplefortesting.tests.TransferTest" name="testConcurrentDeposit" time="0.002"/>
  <testcase classname="edu.mu.examplefortesting.tests.TransferTest" name="testConcurrentDeposit" time="0.0"/>
  <testcase classname="edu.mu.examplefortesting.tests.TransferTest" name="testBatchTransfer" time="0.001"/>
  <testcase classname="edu.mu.examplefortesting.tests.AccountTest" name="disabledTest" time="0.0">
    <ignored/>
  </testcase> <!-- disabledTest -->
</testsuite> <!-- MethodDependencyDemo -->
