<?xml version="1.0" encoding="UTF-8"?>
<!-- Generated by org.testng.reporters.JUnitXMLReporter -->
<testsuite ignored="1" hostname="wi002648fi.dhcp.missouri.edu" failures="0" tests="5" name="UnitGroupDemo" time="0.022" errors="0" timestamp="2025-05-01T17:20:01 CDT">
  <testcase classname="edu.mu.examplefortesting.tests.AccountTest" name="testDeposit" time="0.004"/>
  <testcase classname="edu.mu.examplefortesting.tests.AccountTest" name="testDeposit" time="0.0"/>
  <testcase classname="edu.mu.examplefortesting.tests.AccountTest" name="testOverdraft" time="0.0"/>
  <testcase classname="edu.mu.examplefortesting.tests.AccountTest" name="testWithdraw" time="0.001"/>
  <testcase classname="edu.mu.examplefortesting.tests.AccountTest" name="testWithdraw" time="0.001"/>
  <testcase classname="edu.mu.examplefortesting.tests.AccountTest" name="disabledTest" time="0.0">
    <ignored/>
  </testcase> <!-- disabledTest -->
</testsuite> <!-- UnitGroupDemo -->
